function: enumerations; handler: 0x414620; (default: 0x4142b0)
function: init; handler: 0x416c50; (default: 0x4142b0)
function: list-protocols; handler: 0x417a40; (default: 0x4142b0)
function: list-accounts; handler: 0x417560; (default: 0x4142b0)
function: add-account; handler: 0x411760; (default: 0x4142b0)
(_elim_status_changed)
oops, not handling extended account options yet
function: account-options; handler: 0x4112a0; (default: 0x4142b0)
function: set-account-options; handler: 0x418e10; (default: 0x4142b0)
function: connect; handler: 0x414010; (default: 0x4142b0)
(_elim_connect_progress)
function: account-options; handler: 0x4112a0; (default: 0x4142b0)
(_elim_connect_progress)
(_elim_connect_progress)
(_elim_connect_progress)
function: set-account-options; handler: 0x418e10; (default: 0x4142b0)
function: connect; handler: 0x414010; (default: 0x4142b0)
(_elim_bl_new_node)
(_elim_blnode_to_xnode)
(_elim_blnode_to_xnode GROUP)
(_elim_bl_update)
(_elim_blnode_to_xnode)
(_elim_blnode_to_xnode GROUP)
(_elim_bl_new_node)
(_elim_blnode_to_xnode)
(_elim_blnode_to_xnode BUDDY)
(_elim_bl_new_node)
(_elim_bl_update)
(_elim_blnode_to_xnode)
(_elim_blnode_to_xnode BUDDY)
(_elim_blnode_to_xnode)
(_elim_blnode_to_xnode CONTACT
   name "Ghaarp")
(_elim_bl_new_node)
(_elim_blnode_to_xnode)
(_elim_blnode_to_xnode GROUP)
(_elim_bl_update)
(_elim_blnode_to_xnode)
(_elim_blnode_to_xnode GROUP)
(_elim_blnode_to_xnode)
(_elim_blnode_to_xnode GROUP)
(_elim_bl_new_node)
(_elim_blnode_to_xnode)
(_elim_blnode_to_xnode BUDDY)
(_elim_bl_new_node)
(_elim_bl_update)
(_elim_blnode_to_xnode)
(_elim_blnode_to_xnode BUDDY)
(_elim_blnode_to_xnode)
(_elim_blnode_to_xnode CONTACT
   name "cramp0")
(_elim_bl_new_node)
(_elim_blnode_to_xnode)
(_elim_blnode_to_xnode BUDDY)
(_elim_bl_new_node)
(_elim_bl_update)
(_elim_blnode_to_xnode)
(_elim_blnode_to_xnode BUDDY)
(_elim_blnode_to_xnode)
(_elim_blnode_to_xnode CONTACT
   name "Виктор")
(_elim_bl_new_node)
(_elim_blnode_to_xnode)
(_elim_blnode_to_xnode BUDDY)
(_elim_bl_new_node)
(_elim_bl_update)
(_elim_blnode_to_xnode)
(_elim_blnode_to_xnode BUDDY)
(_elim_blnode_to_xnode)
(_elim_blnode_to_xnode CONTACT
   name "o083to")
(_elim_bl_new_node)
(_elim_blnode_to_xnode)
(_elim_blnode_to_xnode BUDDY)
(_elim_bl_new_node)
(_elim_bl_update)
(_elim_blnode_to_xnode)
(_elim_blnode_to_xnode BUDDY)
(_elim_blnode_to_xnode)
(_elim_blnode_to_xnode CONTACT
   name "el Doctor")
(_elim_bl_new_node)
(_elim_blnode_to_xnode)
(_elim_blnode_to_xnode BUDDY)
(_elim_bl_new_node)
(_elim_bl_update)
(_elim_blnode_to_xnode)
(_elim_blnode_to_xnode BUDDY)
(_elim_blnode_to_xnode)
(_elim_blnode_to_xnode CONTACT
   name "Олег")
(_elim_connected)
(_elim_bl_update)
(_elim_blnode_to_xnode)
(_elim_blnode_to_xnode BUDDY)
(_elim_blnode_to_xnode)
(_elim_blnode_to_xnode CONTACT
   name "cramp0")
(_elim_bl_update)
(_elim_blnode_to_xnode)
(_elim_blnode_to_xnode CONTACT
   name "cramp0")
(_elim_blnode_to_xnode)
(_elim_blnode_to_xnode CONTACT
   name "Виктор")
(_elim_blnode_to_xnode)
(_elim_blnode_to_xnode GROUP)
(_elim_bl_update)
(_elim_blnode_to_xnode)
(_elim_blnode_to_xnode BUDDY)
(_elim_blnode_to_xnode)
(_elim_blnode_to_xnode CONTACT
   name "Виктор")
(_elim_bl_update)
(_elim_blnode_to_xnode)
(_elim_blnode_to_xnode CONTACT
   name "Виктор")
(_elim_blnode_to_xnode)
(_elim_blnode_to_xnode CONTACT
   name "o083to")
(_elim_blnode_to_xnode)
(_elim_blnode_to_xnode CONTACT
   name "cramp0")
(_elim_bl_update)
(_elim_blnode_to_xnode)
(_elim_blnode_to_xnode BUDDY)
(_elim_blnode_to_xnode)
(_elim_blnode_to_xnode CONTACT
   name "o083to")
(_elim_bl_update)
(_elim_blnode_to_xnode)
(_elim_blnode_to_xnode CONTACT
   name "o083to")
(_elim_blnode_to_xnode)
(_elim_blnode_to_xnode CONTACT
   name "el Doctor")
(_elim_blnode_to_xnode)
(_elim_blnode_to_xnode CONTACT
   name "Виктор")
(_elim_bl_update)
(_elim_blnode_to_xnode)
(_elim_blnode_to_xnode BUDDY)
(_elim_blnode_to_xnode)
(_elim_blnode_to_xnode CONTACT
   name "el Doctor")
(_elim_bl_update)
(_elim_blnode_to_xnode)
(_elim_blnode_to_xnode CONTACT
   name "el Doctor")
(_elim_blnode_to_xnode)
(_elim_blnode_to_xnode CONTACT
   name "Олег")
(_elim_blnode_to_xnode)
(_elim_blnode_to_xnode CONTACT
   name "o083to")
(_elim_bl_update)
(_elim_blnode_to_xnode)
(_elim_blnode_to_xnode BUDDY)
(_elim_blnode_to_xnode)
(_elim_blnode_to_xnode CONTACT
   name "Олег")
(_elim_bl_update)
(_elim_blnode_to_xnode)
(_elim_blnode_to_xnode CONTACT
   name "Олег")
(_elim_blnode_to_xnode)
(_elim_blnode_to_xnode CONTACT
   name "el Doctor")
(_elim_bl_update)
(_elim_blnode_to_xnode)
(_elim_blnode_to_xnode GROUP)
(_elim_blnode_to_xnode)
(_elim_blnode_to_xnode GROUP)
(_elim_bl_update)
(_elim_blnode_to_xnode)
(_elim_blnode_to_xnode BUDDY)
(_elim_blnode_to_xnode)
(_elim_blnode_to_xnode CONTACT
   name "Ghaarp")
(_elim_bl_update)
(_elim_blnode_to_xnode)
(_elim_blnode_to_xnode CONTACT
   name "Ghaarp")
(_elim_blnode_to_xnode)
(_elim_blnode_to_xnode GROUP)
(_elim_bl_update)
(_elim_blnode_to_xnode)
(_elim_blnode_to_xnode GROUP)
(_elim_blnode_to_xnode)
(_elim_blnode_to_xnode GROUP)
(_elim_bl_update)
(_elim_blnode_to_xnode)
(_elim_blnode_to_xnode BUDDY)
(_elim_blnode_to_xnode)
(_elim_blnode_to_xnode CONTACT
   name "o083to")
(_elim_bl_update)
(_elim_blnode_to_xnode)
(_elim_blnode_to_xnode BUDDY)
(_elim_blnode_to_xnode)
(_elim_blnode_to_xnode CONTACT
   name "cramp0")
(_elim_bl_update)
(_elim_blnode_to_xnode)
(_elim_blnode_to_xnode BUDDY)
(_elim_blnode_to_xnode)
(_elim_blnode_to_xnode CONTACT
   name "Олег")
(_elim_bl_update)
(_elim_blnode_to_xnode)
(_elim_blnode_to_xnode BUDDY)
(_elim_blnode_to_xnode)
(_elim_blnode_to_xnode CONTACT
   name "Виктор")
(_elim_bl_update)
(_elim_blnode_to_xnode)
(_elim_blnode_to_xnode BUDDY)
(_elim_blnode_to_xnode)
(_elim_blnode_to_xnode CONTACT
   name "Виктор")
(_elim_bl_update)
(_elim_blnode_to_xnode)
(_elim_blnode_to_xnode BUDDY)
(_elim_blnode_to_xnode)
(_elim_blnode_to_xnode CONTACT
   name "Ghaarp")
(_elim_bl_update)
(_elim_blnode_to_xnode)
(_elim_blnode_to_xnode BUDDY)
(_elim_blnode_to_xnode)
(_elim_blnode_to_xnode CONTACT
   name "el Doctor")
function: buddy-menu; handler: 0x4132c0; (default: 0x4142b0)
function: message; handler: 0x417ba0; (default: 0x4142b0)
(elim-debug entered _h_elim_message)(_elim_create_conversation)
(_elim_conv_args)
(elim-debug leaving _h_elim_message)function: message; handler: 0x417ba0; (default: 0x4142b0)
(elim-debug entered _h_elim_message)(_elim_write_im)
(_elim_conv_args)
(elim-debug leaving _h_elim_message)function: buddy-info; handler: 0x412b80; (default: 0x4142b0)
function: buddy-menu; handler: 0x4132c0; (default: 0x4142b0)
function: message; handler: 0x417ba0; (default: 0x4142b0)
(elim-debug entered _h_elim_message)(elim-debug leaving _h_elim_message)function: message; handler: 0x417ba0; (default: 0x4142b0)
(elim-debug entered _h_elim_message)(elim-debug leaving _h_elim_message)function: message; handler: 0x417ba0; (default: 0x4142b0)
(elim-debug entered _h_elim_message)(_elim_write_im)
(_elim_conv_args)
(elim-debug leaving _h_elim_message)function: message; handler: 0x417ba0; (default: 0x4142b0)
(elim-debug entered _h_elim_message)(_elim_write_im)
(_elim_conv_args)
(elim-debug leaving _h_elim_message)function: message; handler: 0x417ba0; (default: 0x4142b0)
(elim-debug entered _h_elim_message)(_elim_write_im)
(_elim_conv_args)
(elim-debug leaving _h_elim_message)function: message; handler: 0x417ba0; (default: 0x4142b0)
(elim-debug entered _h_elim_message)(_elim_write_im)
(_elim_conv_args)
(elim-debug leaving _h_elim_message)function: message; handler: 0x417ba0; (default: 0x4142b0)
(elim-debug entered _h_elim_message)(_elim_create_conversation)
(_elim_conv_args)
(elim-debug leaving _h_elim_message)function: message; handler: 0x417ba0; (default: 0x4142b0)
(elim-debug entered _h_elim_message)(_elim_write_im)
(_elim_conv_args)
(elim-debug leaving _h_elim_message)function: buddy-info; handler: 0x412b80; (default: 0x4142b0)
function: buddy-info; handler: 0x412b80; (default: 0x4142b0)
function: buddy-menu; handler: 0x4132c0; (default: 0x4142b0)
function: buddy-menu-action; handler: 0x412e50; (default: 0x4142b0)
function: account-options; handler: 0x4112a0; (default: 0x4142b0)
function: message; handler: 0x417ba0; (default: 0x4142b0)
(elim-debug entered _h_elim_message)(_elim_create_conversation)
(_elim_conv_args)
(elim-debug leaving _h_elim_message)function: end-conversation; handler: 0x414500; (default: 0x4142b0)
(elim-debug entered _h_elim_end_conversation)(_elim_destroy_conversation)
(_elim_conv_args)
(elim-debug leaving _h_elim_end_conversation)function: end-conversation; handler: 0x414500; (default: 0x4142b0)
(elim-debug entered _h_elim_end_conversation)(_elim_destroy_conversation)
(_elim_conv_args)
(elim-debug leaving _h_elim_end_conversation)function: end-conversation; handler: 0x414500; (default: 0x4142b0)
(elim-debug entered _h_elim_end_conversation)(_elim_destroy_conversation)
(_elim_conv_args)
(elim-debug leaving _h_elim_end_conversation)(_elim_report_disconnect_reason)
(_elim_disconnected)
(_elim_bl_remove)
(_elim_blnode_to_xnode)
(_elim_blnode_to_xnode BUDDY)
(_elim_bl_remove)
(_elim_blnode_to_xnode)
(_elim_blnode_to_xnode BUDDY)
(_elim_bl_remove)
(_elim_blnode_to_xnode)
(_elim_blnode_to_xnode BUDDY)
(_elim_bl_remove)
(_elim_blnode_to_xnode)
(_elim_blnode_to_xnode BUDDY)
(_elim_bl_remove)
(_elim_blnode_to_xnode)
(_elim_blnode_to_xnode BUDDY)
(_elim_bl_remove)
(_elim_blnode_to_xnode)
(_elim_blnode_to_xnode BUDDY)
(_elim_connect_progress)
(_elim_status_changed)
(_elim_report_disconnect_reason)
(_elim_disconnected)
